0 info it worked if it ends with ok
1 verbose cli [ '/usr/local/Cellar/node/6.2.2/bin/node',
1 verbose cli   '/usr/local/bin/npm',
1 verbose cli   'run',
1 verbose cli   'deploy' ]
2 info using npm@3.9.5
3 info using node@v6.2.2
4 verbose run-script [ 'predeploy', 'deploy', 'postdeploy' ]
5 info lifecycle hackathonapp@0.1.0~predeploy: hackathonapp@0.1.0
6 verbose lifecycle hackathonapp@0.1.0~predeploy: unsafe-perm in lifecycle true
7 verbose lifecycle hackathonapp@0.1.0~predeploy: PATH: /usr/local/lib/node_modules/npm/bin/node-gyp-bin:/Users/enriqueortega/CalabrioProjects/hackaton180928/githubone/node_modules/.bin:/usr/local/Cellar/node/6.2.2/bin:/usr/local/bin:/usr/bin:/bin:/usr/sbin:/sbin
8 verbose lifecycle hackathonapp@0.1.0~predeploy: CWD: /Users/enriqueortega/CalabrioProjects/hackaton180928/githubone
9 silly lifecycle hackathonapp@0.1.0~predeploy: Args: [ '-c', 'npm run build' ]
10 silly lifecycle hackathonapp@0.1.0~predeploy: Returned: code: 0  signal: null
11 info lifecycle hackathonapp@0.1.0~deploy: hackathonapp@0.1.0
12 verbose lifecycle hackathonapp@0.1.0~deploy: unsafe-perm in lifecycle true
13 verbose lifecycle hackathonapp@0.1.0~deploy: PATH: /usr/local/lib/node_modules/npm/bin/node-gyp-bin:/Users/enriqueortega/CalabrioProjects/hackaton180928/githubone/node_modules/.bin:/usr/local/Cellar/node/6.2.2/bin:/usr/local/bin:/usr/bin:/bin:/usr/sbin:/sbin
14 verbose lifecycle hackathonapp@0.1.0~deploy: CWD: /Users/enriqueortega/CalabrioProjects/hackaton180928/githubone
15 silly lifecycle hackathonapp@0.1.0~deploy: Args: [ '-c', 'gh-pages -d build' ]
16 silly lifecycle hackathonapp@0.1.0~deploy: Returned: code: 1  signal: null
17 info lifecycle hackathonapp@0.1.0~deploy: Failed to exec deploy script
18 verbose stack Error: hackathonapp@0.1.0 deploy: `gh-pages -d build`
18 verbose stack Exit status 1
18 verbose stack     at EventEmitter.<anonymous> (/usr/local/lib/node_modules/npm/lib/utils/lifecycle.js:245:16)
18 verbose stack     at emitTwo (events.js:106:13)
18 verbose stack     at EventEmitter.emit (events.js:191:7)
18 verbose stack     at ChildProcess.<anonymous> (/usr/local/lib/node_modules/npm/lib/utils/spawn.js:24:14)
18 verbose stack     at emitTwo (events.js:106:13)
18 verbose stack     at ChildProcess.emit (events.js:191:7)
18 verbose stack     at maybeClose (internal/child_process.js:852:16)
18 verbose stack     at Process.ChildProcess._handle.onexit (internal/child_process.js:215:5)
19 verbose pkgid hackathonapp@0.1.0
20 verbose cwd /Users/enriqueortega/CalabrioProjects/hackaton180928/githubone
21 error Darwin 15.5.0
22 error argv "/usr/local/Cellar/node/6.2.2/bin/node" "/usr/local/bin/npm" "run" "deploy"
23 error node v6.2.2
24 error npm  v3.9.5
25 error code ELIFECYCLE
26 error hackathonapp@0.1.0 deploy: `gh-pages -d build`
26 error Exit status 1
27 error Failed at the hackathonapp@0.1.0 deploy script 'gh-pages -d build'.
27 error Make sure you have the latest version of node.js and npm installed.
27 error If you do, this is most likely a problem with the hackathonapp package,
27 error not with npm itself.
27 error Tell the author that this fails on your system:
27 error     gh-pages -d build
27 error You can get information on how to open an issue for this project with:
27 error     npm bugs hackathonapp
27 error Or if that isn't available, you can get their info via:
27 error     npm owner ls hackathonapp
27 error There is likely additional logging output above.
28 verbose exit [ 1, true ]
